Arguments: 
  C:\Program Files\nodejs\node.exe C:\Program Files (x86)\Yarn\bin\yarn.js install

PATH: 
  C:\Program Files\Git\mingw64\bin;C:\Program Files\Git\usr\bin;C:\Users\Zaid\bin;C:\Python27;C:\Python27\Scripts;C:\Program Files (x86)\Common Files\Oracle\Java\javapath;C:\Windows\system32;C:\Windows;C:\Windows\System32\Wbem;C:\Windows\System32\WindowsPowerShell\v1.0;C:\Windows\System32\OpenSSH;C:\Program Files\Intel\WiFi\bin;C:\Users\Zaid\AppData\Local\Android\sdk\platform-tools;C:\Users\Zaid\AppData\Local\Android\sdk\tools\bin;C:\Program Files\Git\cmd;C:\ProgramData\chocolatey\bin;C:\Program Files\nodejs;C:\Program Files\Java\jdk1.8.0_241\bin;C:\Program Files (x86)\Yarn\bin;C:\Program Files\Java\jdk1.8.0_91\bin;C:\Users\Zaid\AppData\Roaming\npm;C:\Users\Zaid\AppData\Local\Yarn\bin;C:\Users\Zaid\AppData\Local\Programs\Microsoft VS Code\bin;C:\src\flutter\bin

Yarn version: 
  1.22.0

Node version: 
  13.7.0

Platform: 
  win32 x64

Trace: 
  Error: connect ENETUNREACH 104.16.22.35:443
      at TCPConnectWrap.afterConnect [as oncomplete] (net.js:1137:16)

npm manifest: 
  {
  	"main": "node_modules/expo/AppEntry.js",
  	"scripts": {
  		"start": "expo start",
  		"android": "expo start --android",
  		"ios": "expo start --ios",
  		"web": "expo start --web",
  		"eject": "expo eject",
  		"test": "jest --watchAll"
  	},
  	"jest": {
  		"preset": "jest-expo"
  	},
  	"dependencies": {
  		"@expo/vector-icons": "~10.0.6",
  		"@react-native-community/masked-view": "0.1.6",
  		"@react-navigation/bottom-tabs": "^5.3.1",
  		"@react-navigation/drawer": "^5.8.4",
  		"@react-navigation/material-bottom-tabs": "^5.2.10",
  		"@react-navigation/native": "^5.2.1",
  		"@react-navigation/stack": "^5.2.16",
  		"axios": "^0.19.2",
  		"expo": "~37.0.9",
  		"expo-asset": "~8.1.0",
  		"expo-camera": "~8.2.0",
  		"expo-constants": "~9.0.0",
  		"expo-font": "~8.1.0",
  		"expo-linear-gradient": "~8.1.0",
  		"expo-linking": "^1.0.1",
  		"expo-permissions": "~8.1.0",
  		"expo-splash-screen": "^0.2.3",
  		"expo-web-browser": "~8.2.0",
  		"mobx": "^5.15.4",
  		"mobx-react": "^6.2.2",
  		"native-base": "2.13.8",
  		"react": "~16.9.0",
  		"react-dom": "~16.9.0",
  		"react-native": "https://github.com/expo/react-native/archive/sdk-37.0.1.tar.gz",
  		"react-native-app-intro-slider": "^4.0.4",
  		"react-native-confirmation-code-field": "^6.5.0",
  		"react-native-fit-image": "^1.5.5",
  		"react-native-gesture-handler": "~1.6.0",
  		"react-native-maps": "0.26.1",
  		"react-native-paper": "^3.10.1",
  		"react-native-parallax-scroll-view": "^0.21.3",
  		"react-native-reanimated": "~1.7.0",
  		"react-native-safe-area-context": "0.7.3",
  		"react-native-screens": "~2.2.0",
  		"react-native-swiper": "^1.6.0",
  		"react-native-typography": "^1.4.1",
  		"react-native-web": "~0.11.7",
  		"react-native-webview": "8.1.1",
  		"expo-google-app-auth": "^8.1.2",
  		"expo-image-picker": "~8.1.0",
  		"expo-localization": "~8.1.0",
  		"expo-location": "~8.1.0",
  		"expo-notifications": "~0.1.1",
  		"prop-types": "^15.7.2",
  		"react-native-google-places-autocomplete": "^1.7.2",
  		"react-native-modal": "^11.5.6",
  		"react-redux": "^7.1.0",
  		"redux": "^4.0.1",
  		"redux-logger": "^3.0.6",
  		"redux-persist": "^5.10.0",
  		"redux-thunk": "^2.3.0",
  		"socket.io-client": "^2.3.0",
  		"validate.js": "^0.12.0"
  	},
  	"devDependencies": {
  		"@babel/core": "^7.8.6",
  		"babel-preset-expo": "~8.1.0",
  		"jest-expo": "~37.0.0"
  	},
  	"private": true
  }

yarn manifest: 
  No manifest

Lockfile: 
  No lockfile
